8/20/2017 12:17:54 PM	This log contains information about the import schema operation into project 'CLMS_DB' on computer 'DESKTOP-84QJI6O' by user 'Ajay'.
8/20/2017 12:17:54 PM	Import of database schema has started.
8/20/2017 12:18:01 PM	Gathering database options
8/20/2017 12:18:01 PM	Gathering users
8/20/2017 12:18:01 PM	Gathering roles
8/20/2017 12:18:01 PM	Gathering application roles
8/20/2017 12:18:01 PM	Gathering role memberships
8/20/2017 12:18:01 PM	Gathering filegroups
8/20/2017 12:18:01 PM	Gathering full-text catalogs
8/20/2017 12:18:01 PM	Gathering assemblies
8/20/2017 12:18:01 PM	Gathering certificates
8/20/2017 12:18:01 PM	Gathering asymmetric keys
8/20/2017 12:18:01 PM	Gathering symmetric keys
8/20/2017 12:18:01 PM	Gathering encrypted symmetric keys
8/20/2017 12:18:01 PM	Gathering schemas
8/20/2017 12:18:01 PM	Gathering XML schema collections
8/20/2017 12:18:01 PM	Gathering user-defined data types
8/20/2017 12:18:01 PM	Gathering user-defined types
8/20/2017 12:18:01 PM	Gathering table types
8/20/2017 12:18:01 PM	Gathering unique keys for table types
8/20/2017 12:18:01 PM	Gathering primary keys for table types
8/20/2017 12:18:01 PM	Gathering indexes for table types
8/20/2017 12:18:01 PM	Gathering check constraints for table types
8/20/2017 12:18:01 PM	Gathering default constraints for table types
8/20/2017 12:18:01 PM	Gathering partition functions
8/20/2017 12:18:01 PM	Gathering partition schemes
8/20/2017 12:18:01 PM	Gathering functions
8/20/2017 12:18:01 PM	Gathering encrypted functions
8/20/2017 12:18:01 PM	Gathering aggregates
8/20/2017 12:18:01 PM	Gathering procedures
8/20/2017 12:18:01 PM	Gathering encrypted procedures
8/20/2017 12:18:01 PM	Gathering tables
8/20/2017 12:18:01 PM	Gathering primary keys
8/20/2017 12:18:01 PM	Gathering unique constraints
8/20/2017 12:18:01 PM	Gathering foreign keys
8/20/2017 12:18:01 PM	Gathering default constraints
8/20/2017 12:18:01 PM	Gathering check constraints
8/20/2017 12:18:01 PM	Gathering views
8/20/2017 12:18:01 PM	Gathering encrypted views
8/20/2017 12:18:01 PM	Gathering indexes
8/20/2017 12:18:01 PM	Gathering statistics
8/20/2017 12:18:01 PM	Gathering full-text index stoplists
8/20/2017 12:18:01 PM	Gathering search property lists
8/20/2017 12:18:01 PM	Gathering search properties
8/20/2017 12:18:01 PM	Gathering full-text indexes
8/20/2017 12:18:01 PM	Gathering column store indexes
8/20/2017 12:18:03 PM	Gathering spatial indexes
8/20/2017 12:18:03 PM	Gathering XML indexes
8/20/2017 12:18:03 PM	Gathering Selective XML indexes
8/20/2017 12:18:03 PM	Gathering encrypted triggers
8/20/2017 12:18:03 PM	Gathering triggers
8/20/2017 12:18:03 PM	Gathering encrypted and clr ddl triggers
8/20/2017 12:18:03 PM	Gathering ddl triggers
8/20/2017 12:18:03 PM	Gathering synonyms
8/20/2017 12:18:03 PM	Gathering defaults
8/20/2017 12:18:03 PM	Gathering data constraint uddt bindings
8/20/2017 12:18:03 PM	Gathering rules
8/20/2017 12:18:03 PM	Gathering data constraint uddt bindings
8/20/2017 12:18:03 PM	Gathering message types
8/20/2017 12:18:03 PM	Gathering queues
8/20/2017 12:18:03 PM	Gathering contracts
8/20/2017 12:18:03 PM	Gathering services
8/20/2017 12:18:03 PM	Gathering event notifications
8/20/2017 12:18:03 PM	Gathering remote service bindings
8/20/2017 12:18:03 PM	Gathering broker priorities
8/20/2017 12:18:03 PM	Gathering signatures
8/20/2017 12:18:03 PM	Gathering data compression options
8/20/2017 12:18:03 PM	Gathering sequence types
8/20/2017 12:18:03 PM	Gathering security policies
8/20/2017 12:18:03 PM	Gather column encryption keys
8/20/2017 12:18:03 PM	Gathering column master keys
8/20/2017 12:18:03 PM	Gathering external data sources
8/20/2017 12:18:03 PM	Gathering external file formats
8/20/2017 12:18:03 PM	Gathering external tables
8/20/2017 12:18:03 PM	Gathering extended properties
8/20/2017 12:18:03 PM	Gathering credentials
8/20/2017 12:18:03 PM	Gathering logins
8/20/2017 12:18:03 PM	Gathering server audits
8/20/2017 12:18:04 PM	Scanning project for duplicate elements
8/20/2017 12:18:04 PM	Finished duplicate element processing
8/20/2017 12:18:04 PM	Finished importing database.
8/20/2017 12:18:04 PM	A summary of the import was saved to the following location: E:\Projects\CLMS_DB\CLMS_DB\Import Schema Logs\CLMS_DB_20170820064754.log
8/20/2017 12:18:04 PM	Click Finish to continue...
